<?xml version="1.0" encoding="UTF-8"?>
<!-- Generated by org.testng.reporters.JUnitReportReporter -->
<testsuite skipped="0" hostname="Surabhis-MacBook-Air.local" name="test.TotalHotels" tests="1" failures="0" timestamp="30 May 2017 07:16:06 GMT" time="174.324" errors="0">
  <testcase name="insertdate" time="174.324" classname="test.TotalHotels"/>
</testsuite> <!-- test.TotalHotels -->
